<?xml version="1.0" encoding="UTF-8"?>
<!-- Generated by org.testng.reporters.JUnitReportReporter -->
<testsuite skipped="0" hostname="ip-172-31-88-49" name="tdd.CalculatorTest" tests="2" failures="0" timestamp="2021-11-12T07:27:09 UTC" time="0.015" errors="0">
  <testcase name="AddTest2" time="0.001" classname="tdd.CalculatorTest"/>
  <system-out/>
  <testcase name="AddTest1" time="0.014" classname="tdd.CalculatorTest"/>
  <system-out/>
</testsuite> <!-- tdd.CalculatorTest -->
