<?xml version="1.0" encoding="UTF-8"?>
<!-- Generated by org.testng.reporters.JUnitReportReporter -->
<testsuite skipped="0" hostname="ip-172-31-88-49" name="test.LoginTest" tests="3" failures="0" timestamp="09 Nov 2021 04:45:03 GMT" time="12.890" errors="0">
  <testcase name="NegativeLogin" time="4.471" classname="test.LoginTest"/>
  <testcase name="ExcelTest" time="3.765" classname="test.LoginTest"/>
  <testcase name="PositiveLogin" time="4.654" classname="test.LoginTest"/>
</testsuite> <!-- test.LoginTest -->
