<?xml version="1.0" encoding="UTF-8"?>
<!-- Generated by org.testng.reporters.JUnitReportReporter -->
<testsuite skipped="0" hostname="ip-172-31-88-49" name="tdd.PrimeCheckTest" tests="3" failures="0" timestamp="2021-11-12T07:01:12 UTC" time="0.009" errors="0">
  <testcase name="isPrimeTest2" time="0.001" classname="tdd.PrimeCheckTest"/>
  <system-out/>
  <testcase name="isPrimeTest1" time="0.007" classname="tdd.PrimeCheckTest"/>
  <system-out/>
  <testcase name="isPrimeTest3" time="0.001" classname="tdd.PrimeCheckTest"/>
  <system-out/>
</testsuite> <!-- tdd.PrimeCheckTest -->
