<?xml version="1.0" encoding="UTF-8"?>
<!-- Generated by org.testng.reporters.JUnitReportReporter -->
<testsuite skipped="0" hostname="ip-172-31-88-49" name="test.GridTest" tests="1" failures="0" timestamp="2021-11-12T05:04:05 UTC" time="1.501" errors="0">
  <testcase name="LunchBrowser" time="1.501" classname="test.GridTest"/>
  <system-out/>
</testsuite> <!-- test.GridTest -->
